Using pre-set license
Built from '2020.2/staging' branch; Version is '2020.2.7f1 (c53830e277f1) revision 12924976'; Using compiler version '192528614'; Build Type 'Release'
OS: 'Windows 10 Home Single Language; OS build 22000.376; Version 2009; 64bit' Language: 'en' Physical Memory: 7959 MB
BatchMode: 1, IsHumanControllingUs: 0, StartBugReporterOnCrash: 0, Is64bit: 1, IsPro: 0

 COMMAND LINE ARGUMENTS:
C:\Program Files\Unity\Editor\Unity.exe
-adb2
-batchMode
-noUpm
-name
AssetImportWorker0
-projectPath
E:/se06-18.2
-logFile
Logs/AssetImportWorker0.log
-srvPort
52393
Successfully changed project path to: E:/se06-18.2
E:/se06-18.2
Using Asset Import Pipeline V2.
Refreshing native plugins compatible for Editor in 321.15 ms, found 2 plugins.
Preloading 0 native plugins for Editor in 0.00 ms.
Initialize engine version: 2020.2.7f1 (c53830e277f1)
[Subsystems] Discovering subsystems at path C:/Program Files/Unity/Editor/Data/Resources/UnitySubsystems
[Subsystems] Discovering subsystems at path E:/se06-18.2/Assets
GfxDevice: creating device client; threaded=0
Direct3D:
    Version:  Direct3D 11.0 [level 11.1]
    Renderer: NVIDIA GeForce MX230 (ID=0x1d11)
    Vendor:   
    VRAM:     1984 MB
    Driver:   27.21.14.6231
Shader '2DxFX/AL/4Gradients': fallback shader 'Sprites-Defaultt' not found
Initialize mono
Mono path[0] = 'C:/Program Files/Unity/Editor/Data/Managed'
Mono path[1] = 'C:/Program Files/Unity/Editor/Data/MonoBleedingEdge/lib/mono/unityjit'
Mono config path = 'C:/Program Files/Unity/Editor/Data/MonoBleedingEdge/etc'
Using monoOptions --debugger-agent=transport=dt_socket,embedding=1,server=y,suspend=n,address=127.0.0.1:56884
Begin MonoManager ReloadAssembly
Registering precompiled unity dll's ...
Register platform support module: C:/Program Files/Unity/Editor/Data/PlaybackEngines/WindowsStandaloneSupport/UnityEditor.WindowsStandalone.Extensions.dll
Registered in 0.002757 seconds.
Native extension for WindowsStandalone target not found
Refreshing native plugins compatible for Editor in 55.69 ms, found 2 plugins.
Preloading 0 native plugins for Editor in 0.00 ms.
Invoked RoslynAnalysisRunner static constructor.
RoslynAnalysisRunner will not be running.
RoslynAnalysisRunner has terminated.
Mono: successfully reloaded assembly
- Completed reload, in  1.802 seconds
Platform modules already initialized, skipping
Registering precompiled user dll's ...
Registered in 0.023396 seconds.
Begin MonoManager ReloadAssembly
Native extension for WindowsStandalone target not found
Refreshing native plugins compatible for Editor in 0.74 ms, found 2 plugins.
Preloading 0 native plugins for Editor in 0.00 ms.
Invoked RoslynAnalysisRunner static constructor.
RoslynAnalysisRunner will not be running.
RoslynAnalysisRunner has terminated.
Mono: successfully reloaded assembly
- Completed reload, in  0.938 seconds
Platform modules already initialized, skipping
========================================================================
Worker process is ready to serve import requests
Shader '2DxFX/AL/4Gradients': fallback shader 'Sprites-Defaultt' not found
Launched and connected shader compiler UnityShaderCompiler.exe after 0.05 seconds
Refreshing native plugins compatible for Editor in 0.90 ms, found 2 plugins.
Preloading 0 native plugins for Editor in 0.00 ms.
Unloading 2196 Unused Serialized files (Serialized files now loaded: 0)
System memory in use before: 118.1 MB.
System memory in use after: 118.1 MB.

Unloading 37 unused Assets to reduce memory usage. Loaded Objects now: 2656.
Total: 4.458600 ms (FindLiveObjects: 0.432900 ms CreateObjectMapping: 0.168800 ms MarkObjects: 3.680100 ms  DeleteObjects: 0.173200 ms)

========================================================================
Received Import Request.
  path: Assets/MainMixer.mixer
  artifactKey: Guid(eb6c722dd8344842bb9f841c4709e2b6) Importer(815301076,1909f56bfc062723c751e8b465ee728b)
Start importing Assets/MainMixer.mixer using Guid(eb6c722dd8344842bb9f841c4709e2b6) Importer(815301076,1909f56bfc062723c751e8b465ee728b)  -> (artifact id: '0b07bee616aa66090ae8023fde67a042') in 0.051827 seconds
  Import took 0.058398 seconds .

========================================================================
Received Import Request.
  Time since last request: 68.255942 seconds.
  path: Assets/GameBase/GGMatch3
  artifactKey: Guid(ef33dc0f47b5f05438ba15c071365841) Importer(815301076,1909f56bfc062723c751e8b465ee728b)
Start importing Assets/GameBase/GGMatch3 using Guid(ef33dc0f47b5f05438ba15c071365841) Importer(815301076,1909f56bfc062723c751e8b465ee728b)  -> (artifact id: 'a7a4367b61db1c700dcd2be8a83d2097') in 0.015605 seconds
  Import took 0.021319 seconds .

========================================================================
Received Import Request.
  Time since last request: 0.865505 seconds.
  path: Assets/GameBase/GGMatch3/Scene
  artifactKey: Guid(c3b3436d5f8cf10419a413be63c687d5) Importer(815301076,1909f56bfc062723c751e8b465ee728b)
Start importing Assets/GameBase/GGMatch3/Scene using Guid(c3b3436d5f8cf10419a413be63c687d5) Importer(815301076,1909f56bfc062723c751e8b465ee728b)  -> (artifact id: '44a38bf3be22763e539826e5d2758fb5') in 0.013694 seconds
  Import took 0.020176 seconds .

========================================================================
Received Import Request.
  Time since last request: 0.850218 seconds.
  path: Assets/GameBase/GGMatch3/Scene/Match3Game.unity
  artifactKey: Guid(4f90a275ff1df3d4a8f3f3292cb44392) Importer(815301076,1909f56bfc062723c751e8b465ee728b)
Start importing Assets/GameBase/GGMatch3/Scene/Match3Game.unity using Guid(4f90a275ff1df3d4a8f3f3292cb44392) Importer(815301076,1909f56bfc062723c751e8b465ee728b)  -> (artifact id: 'bdf0d3ddf0137d715fc6d5d224e18c34') in 0.012510 seconds
  Import took 0.020228 seconds .

========================================================================
Received Import Request.
  Time since last request: 7.499030 seconds.
  path: Assets/GameBase/DesignHomeDemo
  artifactKey: Guid(e6ee5cab17d2a85489f20a996c908f7a) Importer(815301076,1909f56bfc062723c751e8b465ee728b)
Start importing Assets/GameBase/DesignHomeDemo using Guid(e6ee5cab17d2a85489f20a996c908f7a) Importer(815301076,1909f56bfc062723c751e8b465ee728b)  -> (artifact id: 'f85ec77e36e551e31cd6b029afc2bbf6') in 0.018960 seconds
  Import took 0.024862 seconds .

========================================================================
Received Import Request.
  Time since last request: 0.976481 seconds.
  path: Assets/GameBase/DesignHomeDemo/Scenes
  artifactKey: Guid(830b16f0ac3dd5b43a5330bb23172361) Importer(815301076,1909f56bfc062723c751e8b465ee728b)
Start importing Assets/GameBase/DesignHomeDemo/Scenes using Guid(830b16f0ac3dd5b43a5330bb23172361) Importer(815301076,1909f56bfc062723c751e8b465ee728b)  -> (artifact id: 'a5475235de7ac0c869a7eb3578f7c29e') in 0.015533 seconds
  Import took 0.019991 seconds .

========================================================================
Received Import Request.
  Time since last request: 1.347239 seconds.
  path: Assets/GameBase/DesignHomeDemo/Scenes/MainUI.unity
  artifactKey: Guid(f2e3977dc10a3db47badf157f0702122) Importer(815301076,1909f56bfc062723c751e8b465ee728b)
Start importing Assets/GameBase/DesignHomeDemo/Scenes/MainUI.unity using Guid(f2e3977dc10a3db47badf157f0702122) Importer(815301076,1909f56bfc062723c751e8b465ee728b)  -> (artifact id: 'afbe1b5effa9145ba7b2968d38a4443a') in 0.015565 seconds
  Import took 0.020121 seconds .

========================================================================
Received Prepare
Registering precompiled user dll's ...
Registered in 0.009178 seconds.
Begin MonoManager ReloadAssembly
Native extension for WindowsStandalone target not found
Refreshing native plugins compatible for Editor in 1.10 ms, found 2 plugins.
Preloading 0 native plugins for Editor in 0.00 ms.
Invoked RoslynAnalysisRunner static constructor.
RoslynAnalysisRunner will not be running.
RoslynAnalysisRunner has terminated.
Mono: successfully reloaded assembly
- Completed reload, in  1.012 seconds
Platform modules already initialized, skipping
Shader '2DxFX/AL/4Gradients': fallback shader 'Sprites-Defaultt' not found
Refreshing native plugins compatible for Editor in 0.95 ms, found 2 plugins.
Preloading 0 native plugins for Editor in 0.00 ms.
Unloading 2012 Unused Serialized files (Serialized files now loaded: 0)
System memory in use before: 103.5 MB.
System memory in use after: 103.6 MB.

Unloading 32 unused Assets to reduce memory usage. Loaded Objects now: 2659.
Total: 3.028700 ms (FindLiveObjects: 0.582800 ms CreateObjectMapping: 0.207900 ms MarkObjects: 2.074700 ms  DeleteObjects: 0.161400 ms)

========================================================================
Received Prepare
Registering precompiled user dll's ...
Registered in 0.009738 seconds.
Begin MonoManager ReloadAssembly
Native extension for WindowsStandalone target not found
Refreshing native plugins compatible for Editor in 0.75 ms, found 2 plugins.
Preloading 0 native plugins for Editor in 0.00 ms.
Invoked RoslynAnalysisRunner static constructor.
RoslynAnalysisRunner will not be running.
RoslynAnalysisRunner has terminated.
Mono: successfully reloaded assembly
- Completed reload, in  1.342 seconds
Platform modules already initialized, skipping
Shader '2DxFX/AL/4Gradients': fallback shader 'Sprites-Defaultt' not found
Refreshing native plugins compatible for Editor in 0.93 ms, found 2 plugins.
Preloading 0 native plugins for Editor in 0.00 ms.
Unloading 2013 Unused Serialized files (Serialized files now loaded: 0)
System memory in use before: 103.6 MB.
System memory in use after: 103.6 MB.

Unloading 32 unused Assets to reduce memory usage. Loaded Objects now: 2663.
Total: 2.423300 ms (FindLiveObjects: 0.256800 ms CreateObjectMapping: 0.088100 ms MarkObjects: 1.941900 ms  DeleteObjects: 0.135200 ms)

========================================================================
Received Prepare
Registering precompiled user dll's ...
Registered in 0.006885 seconds.
Begin MonoManager ReloadAssembly
Native extension for WindowsStandalone target not found
Refreshing native plugins compatible for Editor in 1.12 ms, found 2 plugins.
Preloading 0 native plugins for Editor in 0.00 ms.
Invoked RoslynAnalysisRunner static constructor.
RoslynAnalysisRunner will not be running.
RoslynAnalysisRunner has terminated.
Mono: successfully reloaded assembly
- Completed reload, in  1.537 seconds
Platform modules already initialized, skipping
Shader '2DxFX/AL/4Gradients': fallback shader 'Sprites-Defaultt' not found
Refreshing native plugins compatible for Editor in 0.91 ms, found 2 plugins.
Preloading 0 native plugins for Editor in 0.00 ms.
Unloading 2013 Unused Serialized files (Serialized files now loaded: 0)
System memory in use before: 103.6 MB.
System memory in use after: 103.7 MB.

Unloading 32 unused Assets to reduce memory usage. Loaded Objects now: 2666.
Total: 2.265000 ms (FindLiveObjects: 0.291100 ms CreateObjectMapping: 0.079800 ms MarkObjects: 1.770700 ms  DeleteObjects: 0.121900 ms)

========================================================================
Received Prepare
Registering precompiled user dll's ...
Registered in 0.005450 seconds.
Begin MonoManager ReloadAssembly
Native extension for WindowsStandalone target not found
Refreshing native plugins compatible for Editor in 0.68 ms, found 2 plugins.
Preloading 0 native plugins for Editor in 0.00 ms.
Invoked RoslynAnalysisRunner static constructor.
RoslynAnalysisRunner will not be running.
RoslynAnalysisRunner has terminated.
Mono: successfully reloaded assembly
- Completed reload, in  0.924 seconds
Platform modules already initialized, skipping
Shader '2DxFX/AL/4Gradients': fallback shader 'Sprites-Defaultt' not found
Refreshing native plugins compatible for Editor in 0.79 ms, found 2 plugins.
Preloading 0 native plugins for Editor in 0.00 ms.
Unloading 2013 Unused Serialized files (Serialized files now loaded: 0)
System memory in use before: 103.6 MB.
System memory in use after: 103.7 MB.

Unloading 32 unused Assets to reduce memory usage. Loaded Objects now: 2669.
Total: 2.925300 ms (FindLiveObjects: 0.371300 ms CreateObjectMapping: 0.196000 ms MarkObjects: 2.205800 ms  DeleteObjects: 0.150000 ms)

========================================================================
Received Prepare
Registering precompiled user dll's ...
Registered in 0.007300 seconds.
Begin MonoManager ReloadAssembly
Native extension for WindowsStandalone target not found
Refreshing native plugins compatible for Editor in 0.70 ms, found 2 plugins.
Preloading 0 native plugins for Editor in 0.00 ms.
Invoked RoslynAnalysisRunner static constructor.
RoslynAnalysisRunner will not be running.
RoslynAnalysisRunner has terminated.
Mono: successfully reloaded assembly
- Completed reload, in  1.798 seconds
Platform modules already initialized, skipping
Shader '2DxFX/AL/4Gradients': fallback shader 'Sprites-Defaultt' not found
Refreshing native plugins compatible for Editor in 1.20 ms, found 2 plugins.
Preloading 0 native plugins for Editor in 0.00 ms.
Unloading 2014 Unused Serialized files (Serialized files now loaded: 0)
System memory in use before: 103.6 MB.
System memory in use after: 103.6 MB.

Unloading 32 unused Assets to reduce memory usage. Loaded Objects now: 2673.
Total: 3.475500 ms (FindLiveObjects: 0.335900 ms CreateObjectMapping: 0.184400 ms MarkObjects: 2.686600 ms  DeleteObjects: 0.266100 ms)

========================================================================
Received Prepare
Registering precompiled user dll's ...
Registered in 0.007026 seconds.
Begin MonoManager ReloadAssembly
Native extension for WindowsStandalone target not found
Refreshing native plugins compatible for Editor in 1.10 ms, found 2 plugins.
Preloading 0 native plugins for Editor in 0.00 ms.
Invoked RoslynAnalysisRunner static constructor.
RoslynAnalysisRunner will not be running.
RoslynAnalysisRunner has terminated.
Mono: successfully reloaded assembly
- Completed reload, in  1.411 seconds
Platform modules already initialized, skipping
Shader '2DxFX/AL/4Gradients': fallback shader 'Sprites-Defaultt' not found
Refreshing native plugins compatible for Editor in 1.12 ms, found 2 plugins.
Preloading 0 native plugins for Editor in 0.00 ms.
Unloading 2014 Unused Serialized files (Serialized files now loaded: 0)
System memory in use before: 103.7 MB.
System memory in use after: 103.7 MB.

Unloading 32 unused Assets to reduce memory usage. Loaded Objects now: 2676.
Total: 2.807900 ms (FindLiveObjects: 0.259100 ms CreateObjectMapping: 0.085400 ms MarkObjects: 2.287300 ms  DeleteObjects: 0.174900 ms)

========================================================================
Received Prepare
Registering precompiled user dll's ...
Registered in 0.004585 seconds.
Begin MonoManager ReloadAssembly
Native extension for WindowsStandalone target not found
Refreshing native plugins compatible for Editor in 1.04 ms, found 2 plugins.
Preloading 0 native plugins for Editor in 0.00 ms.
Invoked RoslynAnalysisRunner static constructor.
RoslynAnalysisRunner will not be running.
RoslynAnalysisRunner has terminated.
Mono: successfully reloaded assembly
- Completed reload, in  1.348 seconds
Platform modules already initialized, skipping
Shader '2DxFX/AL/4Gradients': fallback shader 'Sprites-Defaultt' not found
Refreshing native plugins compatible for Editor in 0.90 ms, found 2 plugins.
Preloading 0 native plugins for Editor in 0.00 ms.
Unloading 2014 Unused Serialized files (Serialized files now loaded: 0)
System memory in use before: 103.7 MB.
System memory in use after: 103.7 MB.

Unloading 32 unused Assets to reduce memory usage. Loaded Objects now: 2679.
Total: 3.684600 ms (FindLiveObjects: 0.551700 ms CreateObjectMapping: 0.171300 ms MarkObjects: 2.807700 ms  DeleteObjects: 0.151700 ms)

========================================================================
Received Prepare
Registering precompiled user dll's ...
Registered in 0.004516 seconds.
Begin MonoManager ReloadAssembly
Native extension for WindowsStandalone target not found
Refreshing native plugins compatible for Editor in 1.16 ms, found 2 plugins.
Preloading 0 native plugins for Editor in 0.00 ms.
Invoked RoslynAnalysisRunner static constructor.
RoslynAnalysisRunner will not be running.
RoslynAnalysisRunner has terminated.
Mono: successfully reloaded assembly
- Completed reload, in  1.337 seconds
Platform modules already initialized, skipping
Shader '2DxFX/AL/4Gradients': fallback shader 'Sprites-Defaultt' not found
Refreshing native plugins compatible for Editor in 0.85 ms, found 2 plugins.
Preloading 0 native plugins for Editor in 0.00 ms.
Unloading 2015 Unused Serialized files (Serialized files now loaded: 0)
System memory in use before: 103.7 MB.
System memory in use after: 103.8 MB.

Unloading 32 unused Assets to reduce memory usage. Loaded Objects now: 2683.
Total: 4.571100 ms (FindLiveObjects: 0.494700 ms CreateObjectMapping: 0.232500 ms MarkObjects: 3.583000 ms  DeleteObjects: 0.259300 ms)

========================================================================
Received Prepare
Registering precompiled user dll's ...
Registered in 0.013656 seconds.
Begin MonoManager ReloadAssembly
Native extension for WindowsStandalone target not found
Refreshing native plugins compatible for Editor in 1.86 ms, found 2 plugins.
Preloading 0 native plugins for Editor in 0.00 ms.
Invoked RoslynAnalysisRunner static constructor.
RoslynAnalysisRunner will not be running.
RoslynAnalysisRunner has terminated.
Mono: successfully reloaded assembly
- Completed reload, in  1.535 seconds
Platform modules already initialized, skipping
Shader '2DxFX/AL/4Gradients': fallback shader 'Sprites-Defaultt' not found
Refreshing native plugins compatible for Editor in 0.79 ms, found 2 plugins.
Preloading 0 native plugins for Editor in 0.00 ms.
Unloading 2016 Unused Serialized files (Serialized files now loaded: 0)
System memory in use before: 103.7 MB.
System memory in use after: 103.8 MB.

Unloading 32 unused Assets to reduce memory usage. Loaded Objects now: 2687.
Total: 4.423200 ms (FindLiveObjects: 1.381400 ms CreateObjectMapping: 0.210500 ms MarkObjects: 2.628600 ms  DeleteObjects: 0.200200 ms)

========================================================================
Received Prepare
Registering precompiled user dll's ...
Registered in 0.006339 seconds.
Begin MonoManager ReloadAssembly
Native extension for WindowsStandalone target not found
Refreshing native plugins compatible for Editor in 1.34 ms, found 2 plugins.
Preloading 0 native plugins for Editor in 0.00 ms.
Invoked RoslynAnalysisRunner static constructor.
RoslynAnalysisRunner will not be running.
RoslynAnalysisRunner has terminated.
Mono: successfully reloaded assembly
- Completed reload, in  1.358 seconds
Platform modules already initialized, skipping
Shader '2DxFX/AL/4Gradients': fallback shader 'Sprites-Defaultt' not found
Refreshing native plugins compatible for Editor in 1.03 ms, found 2 plugins.
Preloading 0 native plugins for Editor in 0.00 ms.
Unloading 2016 Unused Serialized files (Serialized files now loaded: 0)
System memory in use before: 103.7 MB.
System memory in use after: 103.7 MB.

Unloading 32 unused Assets to reduce memory usage. Loaded Objects now: 2690.
Total: 5.526900 ms (FindLiveObjects: 0.814600 ms CreateObjectMapping: 0.453800 ms MarkObjects: 4.052500 ms  DeleteObjects: 0.200000 ms)

========================================================================
Received Prepare
Registering precompiled user dll's ...
Registered in 0.008266 seconds.
Begin MonoManager ReloadAssembly
Native extension for WindowsStandalone target not found
Refreshing native plugins compatible for Editor in 0.82 ms, found 2 plugins.
Preloading 0 native plugins for Editor in 0.00 ms.
Invoked RoslynAnalysisRunner static constructor.
RoslynAnalysisRunner will not be running.
RoslynAnalysisRunner has terminated.
Mono: successfully reloaded assembly
- Completed reload, in  1.503 seconds
Platform modules already initialized, skipping
Shader '2DxFX/AL/4Gradients': fallback shader 'Sprites-Defaultt' not found
Refreshing native plugins compatible for Editor in 1.20 ms, found 2 plugins.
Preloading 0 native plugins for Editor in 0.00 ms.
Unloading 2016 Unused Serialized files (Serialized files now loaded: 0)
System memory in use before: 103.8 MB.
System memory in use after: 103.8 MB.

Unloading 32 unused Assets to reduce memory usage. Loaded Objects now: 2693.
Total: 2.356000 ms (FindLiveObjects: 0.267100 ms CreateObjectMapping: 0.113600 ms MarkObjects: 1.852200 ms  DeleteObjects: 0.121500 ms)

========================================================================
Received Prepare
Registering precompiled user dll's ...
Registered in 0.006236 seconds.
Begin MonoManager ReloadAssembly
Native extension for WindowsStandalone target not found
Refreshing native plugins compatible for Editor in 0.71 ms, found 2 plugins.
Preloading 0 native plugins for Editor in 0.00 ms.
Invoked RoslynAnalysisRunner static constructor.
RoslynAnalysisRunner will not be running.
RoslynAnalysisRunner has terminated.
Mono: successfully reloaded assembly
- Completed reload, in  1.177 seconds
Platform modules already initialized, skipping
Shader '2DxFX/AL/4Gradients': fallback shader 'Sprites-Defaultt' not found
Refreshing native plugins compatible for Editor in 0.97 ms, found 2 plugins.
Preloading 0 native plugins for Editor in 0.00 ms.
Unloading 2016 Unused Serialized files (Serialized files now loaded: 0)
System memory in use before: 103.8 MB.
System memory in use after: 103.8 MB.

Unloading 32 unused Assets to reduce memory usage. Loaded Objects now: 2696.
Total: 3.988100 ms (FindLiveObjects: 0.765400 ms CreateObjectMapping: 0.374500 ms MarkObjects: 2.731600 ms  DeleteObjects: 0.112900 ms)

========================================================================
Received Prepare
Registering precompiled user dll's ...
Registered in 0.005999 seconds.
Begin MonoManager ReloadAssembly
Native extension for WindowsStandalone target not found
Refreshing native plugins compatible for Editor in 1.26 ms, found 2 plugins.
Preloading 0 native plugins for Editor in 0.00 ms.
Invoked RoslynAnalysisRunner static constructor.
RoslynAnalysisRunner will not be running.
RoslynAnalysisRunner has terminated.
Mono: successfully reloaded assembly
- Completed reload, in  1.316 seconds
Platform modules already initialized, skipping
Shader '2DxFX/AL/4Gradients': fallback shader 'Sprites-Defaultt' not found
Refreshing native plugins compatible for Editor in 1.17 ms, found 2 plugins.
Preloading 0 native plugins for Editor in 0.00 ms.
Unloading 2016 Unused Serialized files (Serialized files now loaded: 0)
System memory in use before: 103.9 MB.
System memory in use after: 103.9 MB.

Unloading 32 unused Assets to reduce memory usage. Loaded Objects now: 2699.
Total: 2.291000 ms (FindLiveObjects: 0.299900 ms CreateObjectMapping: 0.088200 ms MarkObjects: 1.783900 ms  DeleteObjects: 0.117200 ms)

========================================================================
Received Prepare
Registering precompiled user dll's ...
Registered in 0.004216 seconds.
Begin MonoManager ReloadAssembly
Native extension for WindowsStandalone target not found
Refreshing native plugins compatible for Editor in 4.22 ms, found 2 plugins.
Preloading 0 native plugins for Editor in 0.00 ms.
Invoked RoslynAnalysisRunner static constructor.
RoslynAnalysisRunner will not be running.
RoslynAnalysisRunner has terminated.
Mono: successfully reloaded assembly
- Completed reload, in  1.450 seconds
Platform modules already initialized, skipping
Shader '2DxFX/AL/4Gradients': fallback shader 'Sprites-Defaultt' not found
Refreshing native plugins compatible for Editor in 2.71 ms, found 2 plugins.
Preloading 0 native plugins for Editor in 0.00 ms.
Unloading 2016 Unused Serialized files (Serialized files now loaded: 0)
System memory in use before: 103.9 MB.
System memory in use after: 104.0 MB.

Unloading 32 unused Assets to reduce memory usage. Loaded Objects now: 2702.
Total: 10.621500 ms (FindLiveObjects: 1.014200 ms CreateObjectMapping: 0.557900 ms MarkObjects: 8.737000 ms  DeleteObjects: 0.305200 ms)

========================================================================
Received Prepare
Registering precompiled user dll's ...
Registered in 0.007254 seconds.
Begin MonoManager ReloadAssembly
Native extension for WindowsStandalone target not found
Refreshing native plugins compatible for Editor in 1.72 ms, found 2 plugins.
Preloading 0 native plugins for Editor in 0.00 ms.
Invoked RoslynAnalysisRunner static constructor.
RoslynAnalysisRunner will not be running.
RoslynAnalysisRunner has terminated.
Mono: successfully reloaded assembly
- Completed reload, in  1.576 seconds
Platform modules already initialized, skipping
Shader '2DxFX/AL/4Gradients': fallback shader 'Sprites-Defaultt' not found
Refreshing native plugins compatible for Editor in 1.16 ms, found 2 plugins.
Preloading 0 native plugins for Editor in 0.00 ms.
Unloading 2016 Unused Serialized files (Serialized files now loaded: 0)
System memory in use before: 103.8 MB.
System memory in use after: 103.9 MB.

Unloading 32 unused Assets to reduce memory usage. Loaded Objects now: 2705.
Total: 3.278300 ms (FindLiveObjects: 0.422100 ms CreateObjectMapping: 0.141300 ms MarkObjects: 2.534400 ms  DeleteObjects: 0.176400 ms)

========================================================================
Received Prepare
Registering precompiled user dll's ...
Registered in 0.006403 seconds.
Begin MonoManager ReloadAssembly
Native extension for WindowsStandalone target not found
Refreshing native plugins compatible for Editor in 1.13 ms, found 2 plugins.
Preloading 0 native plugins for Editor in 0.00 ms.
Invoked RoslynAnalysisRunner static constructor.
RoslynAnalysisRunner will not be running.
RoslynAnalysisRunner has terminated.
Mono: successfully reloaded assembly
- Completed reload, in  1.307 seconds
Platform modules already initialized, skipping
Shader '2DxFX/AL/4Gradients': fallback shader 'Sprites-Defaultt' not found
Refreshing native plugins compatible for Editor in 1.71 ms, found 2 plugins.
Preloading 0 native plugins for Editor in 0.00 ms.
Unloading 2016 Unused Serialized files (Serialized files now loaded: 0)
System memory in use before: 103.9 MB.
System memory in use after: 104.0 MB.

Unloading 32 unused Assets to reduce memory usage. Loaded Objects now: 2708.
Total: 4.726700 ms (FindLiveObjects: 0.520100 ms CreateObjectMapping: 0.165000 ms MarkObjects: 3.811200 ms  DeleteObjects: 0.227300 ms)

========================================================================
Received Prepare
Registering precompiled user dll's ...
Registered in 0.006777 seconds.
Begin MonoManager ReloadAssembly
Native extension for WindowsStandalone target not found
Refreshing native plugins compatible for Editor in 1.11 ms, found 2 plugins.
Preloading 0 native plugins for Editor in 0.00 ms.
Invoked RoslynAnalysisRunner static constructor.
RoslynAnalysisRunner will not be running.
RoslynAnalysisRunner has terminated.
Mono: successfully reloaded assembly
- Completed reload, in  1.405 seconds
Platform modules already initialized, skipping
Shader '2DxFX/AL/4Gradients': fallback shader 'Sprites-Defaultt' not found
Refreshing native plugins compatible for Editor in 1.03 ms, found 2 plugins.
Preloading 0 native plugins for Editor in 0.00 ms.
Unloading 2016 Unused Serialized files (Serialized files now loaded: 0)
System memory in use before: 103.9 MB.
System memory in use after: 104.0 MB.

Unloading 32 unused Assets to reduce memory usage. Loaded Objects now: 2711.
Total: 3.450500 ms (FindLiveObjects: 0.261200 ms CreateObjectMapping: 0.144200 ms MarkObjects: 2.861400 ms  DeleteObjects: 0.181100 ms)

========================================================================
Received Prepare
Registering precompiled user dll's ...
Registered in 0.005971 seconds.
Begin MonoManager ReloadAssembly
Native extension for WindowsStandalone target not found
Refreshing native plugins compatible for Editor in 1.80 ms, found 2 plugins.
Preloading 0 native plugins for Editor in 0.00 ms.
Invoked RoslynAnalysisRunner static constructor.
RoslynAnalysisRunner will not be running.
RoslynAnalysisRunner has terminated.
Mono: successfully reloaded assembly
- Completed reload, in  1.256 seconds
Platform modules already initialized, skipping
Shader '2DxFX/AL/4Gradients': fallback shader 'Sprites-Defaultt' not found
Refreshing native plugins compatible for Editor in 1.52 ms, found 2 plugins.
Preloading 0 native plugins for Editor in 0.00 ms.
Unloading 2016 Unused Serialized files (Serialized files now loaded: 0)
System memory in use before: 103.9 MB.
System memory in use after: 104.0 MB.

Unloading 32 unused Assets to reduce memory usage. Loaded Objects now: 2714.
Total: 24.291300 ms (FindLiveObjects: 3.838500 ms CreateObjectMapping: 0.444100 ms MarkObjects: 19.649400 ms  DeleteObjects: 0.356400 ms)

========================================================================
Received Prepare
Registering precompiled user dll's ...
Registered in 0.012502 seconds.
Begin MonoManager ReloadAssembly
Native extension for WindowsStandalone target not found
Refreshing native plugins compatible for Editor in 1.01 ms, found 2 plugins.
Preloading 0 native plugins for Editor in 0.00 ms.
Invoked RoslynAnalysisRunner static constructor.
RoslynAnalysisRunner will not be running.
RoslynAnalysisRunner has terminated.
Mono: successfully reloaded assembly
- Completed reload, in  1.469 seconds
Platform modules already initialized, skipping
Shader '2DxFX/AL/4Gradients': fallback shader 'Sprites-Defaultt' not found
Refreshing native plugins compatible for Editor in 1.40 ms, found 2 plugins.
Preloading 0 native plugins for Editor in 0.00 ms.
Unloading 2016 Unused Serialized files (Serialized files now loaded: 0)
System memory in use before: 103.9 MB.
System memory in use after: 104.0 MB.

Unloading 32 unused Assets to reduce memory usage. Loaded Objects now: 2717.
Total: 3.994000 ms (FindLiveObjects: 0.528800 ms CreateObjectMapping: 0.197400 ms MarkObjects: 2.957800 ms  DeleteObjects: 0.307000 ms)

========================================================================
Received Prepare
Registering precompiled user dll's ...
Registered in 0.005983 seconds.
Begin MonoManager ReloadAssembly
Native extension for WindowsStandalone target not found
Refreshing native plugins compatible for Editor in 1.18 ms, found 2 plugins.
Preloading 0 native plugins for Editor in 0.00 ms.
Invoked RoslynAnalysisRunner static constructor.
RoslynAnalysisRunner will not be running.
RoslynAnalysisRunner has terminated.
Mono: successfully reloaded assembly
- Completed reload, in  1.230 seconds
Platform modules already initialized, skipping
Shader '2DxFX/AL/4Gradients': fallback shader 'Sprites-Defaultt' not found
Refreshing native plugins compatible for Editor in 1.06 ms, found 2 plugins.
Preloading 0 native plugins for Editor in 0.00 ms.
Unloading 2016 Unused Serialized files (Serialized files now loaded: 0)
System memory in use before: 103.8 MB.
System memory in use after: 103.9 MB.

Unloading 32 unused Assets to reduce memory usage. Loaded Objects now: 2720.
Total: 4.675200 ms (FindLiveObjects: 0.938500 ms CreateObjectMapping: 0.268300 ms MarkObjects: 3.223900 ms  DeleteObjects: 0.239900 ms)

========================================================================
Received Prepare
Registering precompiled user dll's ...
Registered in 0.007463 seconds.
Begin MonoManager ReloadAssembly
Native extension for WindowsStandalone target not found
Refreshing native plugins compatible for Editor in 1.21 ms, found 2 plugins.
Preloading 0 native plugins for Editor in 0.00 ms.
Invoked RoslynAnalysisRunner static constructor.
RoslynAnalysisRunner will not be running.
RoslynAnalysisRunner has terminated.
Mono: successfully reloaded assembly
- Completed reload, in  1.436 seconds
Platform modules already initialized, skipping
Shader '2DxFX/AL/4Gradients': fallback shader 'Sprites-Defaultt' not found
Refreshing native plugins compatible for Editor in 0.76 ms, found 2 plugins.
Preloading 0 native plugins for Editor in 0.00 ms.
Unloading 2016 Unused Serialized files (Serialized files now loaded: 0)
System memory in use before: 103.9 MB.
System memory in use after: 104.0 MB.

Unloading 32 unused Assets to reduce memory usage. Loaded Objects now: 2723.
Total: 4.941900 ms (FindLiveObjects: 0.764800 ms CreateObjectMapping: 0.254700 ms MarkObjects: 3.681700 ms  DeleteObjects: 0.238500 ms)

AssetImportWorkerClient::OnTransportError - code=2 error=End of file
